<?xml version="1.0" encoding="UTF-8"?>
<testsuite xmlns:xsi="http://www.w3.org/2001/XMLSchema-instance" xsi:noNamespaceSchemaLocation="https://maven.apache.org/surefire/maven-surefire-plugin/xsd/surefire-test-report-3.0.xsd" version="3.0" name="UserServiceTest" time="0.971" tests="6" errors="0" skipped="0" failures="0">
  <properties>
[...]
</properties>
  <testcase name="saveUser" classname="UserServiceTest" time="0.505">
    <system-out><![CDATA[Таблица стерта
Таблица users успешно создана
Пользователеь с именем: Ivan добавлен в базу данных.
]]></system-out>
  </testcase>
  <testcase name="removeUserById" classname="UserServiceTest" time="0.07">
    <system-out><![CDATA[Таблица стерта
Таблица users успешно создана
Пользователеь с именем: Ivan добавлен в базу данных.
Пользователь уничтожен - его бывший ID 1
]]></system-out>
  </testcase>
  <testcase name="getAllUsers" classname="UserServiceTest" time="0.104">
    <system-out><![CDATA[Таблица стерта
Таблица users успешно создана
Пользователеь с именем: Ivan добавлен в базу данных.
]]></system-out>
  </testcase>
  <testcase name="dropUsersTable" classname="UserServiceTest" time="0.065">
    <system-out><![CDATA[Таблица стерта
Таблица стерта
]]></system-out>
  </testcase>
  <testcase name="createUsersTable" classname="UserServiceTest" time="0.051">
    <system-out><![CDATA[Таблица стерта
Таблица users успешно создана
]]></system-out>
  </testcase>
  <testcase name="cleanUsersTable" classname="UserServiceTest" time="0.094">
    <system-out><![CDATA[Таблица стерта
Таблица users успешно создана
Пользователеь с именем: Ivan добавлен в базу данных.
Таблица users успешно очищена
]]></system-out>
  </testcase>
</testsuite>